<?xml version="1.0" encoding="UTF-8" standalone="no"?>
<testsuite errors="0" failures="0" name="io.cucumber.core.plugin.JUnitFormatter" skipped="0" tests="1" time="6.304">
    <testcase classname="Print Top 10 Stocks" name="Verify Login Successful with valid Credentials" time="6.145">
        <system-out>
            <![CDATA[Given Browser is open.......................................................passed
And User launch Bursa Webpage...............................................passed
When User successfully navigated to homepage................................passed
Then Output the top 10 stocks...............................................passed
]]>
        </system-out>
    </testcase>
</testsuite>
